<?xml version="1.0" encoding="UTF-8"?>
<!-- Generated by org.testng.reporters.JUnitReportReporter -->
<testsuite hostname="sujit" failures="0" tests="4" name="api.test.UserTests" time="7.339" errors="0" timestamp="2023-05-03T14:07:34 IST" skipped="0">
  <testcase classname="api.test.UserTests" name="testPostUser" time="2.700"/>
  <system-out/>
  <testcase classname="api.test.UserTests" name="testGetUserByNmae" time="1.177"/>
  <system-out/>
  <testcase classname="api.test.UserTests" name="testUpdateUserByName" time="2.322"/>
  <system-out/>
  <testcase classname="api.test.UserTests" name="testDeleteUserByName" time="1.140"/>
  <system-out/>
</testsuite> <!-- api.test.UserTests -->
