<?xml version="1.0" encoding="UTF-8"?>
<!-- Generated by org.testng.reporters.JUnitReportReporter -->
<testsuite hostname="sujit" failures="0" tests="4" name="api.test.UserTests" time="8.977" errors="0" timestamp="2023-05-28T13:17:49 IST" skipped="0">
  <testcase classname="api.test.UserTests" name="testPostUser" time="3.285"/>
  <system-out/>
  <testcase classname="api.test.UserTests" name="testGetUserByNmae" time="1.426"/>
  <system-out/>
  <testcase classname="api.test.UserTests" name="testUpdateUserByName" time="2.806"/>
  <system-out/>
  <testcase classname="api.test.UserTests" name="testDeleteUserByName" time="1.460"/>
  <system-out/>
</testsuite> <!-- api.test.UserTests -->
