<?xml version="1.0" encoding="UTF-8"?>
<!-- Generated by org.testng.reporters.JUnitReportReporter -->
<testsuite hostname="sujit" failures="0" tests="4" name="api.test.UserTests2" time="8.742" errors="0" timestamp="2023-04-30T17:15:22 IST" skipped="0">
  <testcase classname="api.test.UserTests2" name="testPostUser" time="3.189"/>
  <system-out/>
  <testcase classname="api.test.UserTests2" name="testGetUserByNmae" time="1.396"/>
  <system-out/>
  <testcase classname="api.test.UserTests2" name="testUpdateUserByName" time="2.767"/>
  <system-out/>
  <testcase classname="api.test.UserTests2" name="testDeleteUserByName" time="1.390"/>
  <system-out/>
</testsuite> <!-- api.test.UserTests2 -->
