<?xml version="1.0" encoding="UTF-8"?>
<!-- Generated by org.testng.reporters.JUnitReportReporter -->
<testsuite hostname="sujit" failures="0" tests="4" name="api.test.UserTests" time="8.237" errors="0" timestamp="2023-05-04T10:51:25 IST" skipped="0">
  <testcase classname="api.test.UserTests" name="testPostUser" time="3.611"/>
  <system-out/>
  <testcase classname="api.test.UserTests" name="testGetUserByNmae" time="1.183"/>
  <system-out/>
  <testcase classname="api.test.UserTests" name="testUpdateUserByName" time="2.309"/>
  <system-out/>
  <testcase classname="api.test.UserTests" name="testDeleteUserByName" time="1.134"/>
  <system-out/>
</testsuite> <!-- api.test.UserTests -->
