<?xml version="1.0" encoding="UTF-8"?>
<!-- Generated by org.testng.reporters.JUnitReportReporter -->
<testsuite hostname="sujit" failures="0" tests="4" name="api.test.UserTests" time="8.689" errors="0" timestamp="2023-05-28T13:18:46 IST" skipped="0">
  <testcase classname="api.test.UserTests" name="testPostUser" time="3.038"/>
  <system-out/>
  <testcase classname="api.test.UserTests" name="testGetUserByNmae" time="1.474"/>
  <system-out/>
  <testcase classname="api.test.UserTests" name="testUpdateUserByName" time="2.775"/>
  <system-out/>
  <testcase classname="api.test.UserTests" name="testDeleteUserByName" time="1.402"/>
  <system-out/>
</testsuite> <!-- api.test.UserTests -->
